<?xml version="1.0" encoding="UTF-8"?>
<!-- Generated by org.testng.reporters.JUnitXMLReporter -->
<testsuite hostname="DESKTOP-HV4AP7V" ignored="0" name="Default test" tests="7" failures="0" timestamp="2020-10-18T21:19:17 CAT" time="42.527" errors="0">
  <testcase name="login" time="6.638" classname="Testing_Project.Test_SauceWeb"/>
  <testcase name="verifyUrl" time="0.021" classname="Testing_Project.Test_SauceWeb"/>
  <testcase name="verifyTitle" time="0.007" classname="Testing_Project.Test_SauceWeb"/>
  <testcase name="ClickAbout" time="12.175" classname="Testing_Project.Test_SauceWeb"/>
  <testcase name="Sortproductsby" time="0.139" classname="Testing_Project.Test_SauceWeb"/>
  <testcase name="Cart" time="1.187" classname="Testing_Project.Test_SauceWeb"/>
  <testcase name="checkout" time="1.265" classname="Testing_Project.Test_SauceWeb"/>
</testsuite> <!-- Default test -->
